<?xml version="1.0" encoding="UTF-8"?>
<testsuites>
  <testsuite name="/home/aurich/www/library/php-activerecord/phpunit.xml.dist" tests="804" assertions="226" errors="0" failures="0" skipped="673" time="7.858009">
    <testsuite name="PHP ActiveRecord Test Suite" tests="804" assertions="226" errors="0" failures="0" skipped="673" time="7.858009">
      <testsuite name="ActiveRecordCacheTest" file="/home/aurich/www/library/php-activerecord/test/ActiveRecordCacheTest.php" tests="3" assertions="0" errors="0" failures="0" skipped="3" time="0.000000">
        <testcase name="test_default_expire" file="/home/aurich/www/library/php-activerecord/test/ActiveRecordCacheTest.php" line="24" class="ActiveRecordCacheTest" classname="ActiveRecordCacheTest" assertions="0" time="0.000000">
          <skipped/>
        </testcase>
        <testcase name="test_explicit_default_expire" file="/home/aurich/www/library/php-activerecord/test/ActiveRecordCacheTest.php" line="29" class="ActiveRecordCacheTest" classname="ActiveRecordCacheTest" assertions="0" time="0.000000">
          <skipped/>
        </testcase>
        <testcase name="test_caches_column_meta_data" file="/home/aurich/www/library/php-activerecord/test/ActiveRecordCacheTest.php" line="35" class="ActiveRecordCacheTest" classname="ActiveRecordCacheTest" assertions="0" time="0.000000">
          <skipped/>
        </testcase>
      </testsuite>
      <testsuite name="ActiveRecordFindTest" file="/home/aurich/www/library/php-activerecord/test/ActiveRecordFindTest.php" tests="62" assertions="0" errors="0" failures="0" skipped="62" time="0.000000">
        <testcase name="test_find_with_no_params" file="/home/aurich/www/library/php-activerecord/test/ActiveRecordFindTest.php" line="8" class="ActiveRecordFindTest" classname="ActiveRecordFindTest" assertions="0" time="0.000000">
          <skipped/>
        </testcase>
        <testcase name="test_find_by_pk" file="/home/aurich/www/library/php-activerecord/test/ActiveRecordFindTest.php" line="13" class="ActiveRecordFindTest" classname="ActiveRecordFindTest" assertions="0" time="0.000000">
          <skipped/>
        </testcase>
        <testcase name="test_find_by_pkno_results" file="/home/aurich/www/library/php-activerecord/test/ActiveRecordFindTest.php" line="22" class="ActiveRecordFindTest" classname="ActiveRecordFindTest" assertions="0" time="0.000000">
          <skipped/>
        </testcase>
        <testcase name="test_find_by_multiple_pk_with_partial_match" file="/home/aurich/www/library/php-activerecord/test/ActiveRecordFindTest.php" line="27" class="ActiveRecordFindTest" classname="ActiveRecordFindTest" assertions="0" time="0.000000">
          <skipped/>
        </testcase>
        <testcase name="test_find_by_pk_with_options" file="/home/aurich/www/library/php-activerecord/test/ActiveRecordFindTest.php" line="40" class="ActiveRecordFindTest" classname="ActiveRecordFindTest" assertions="0" time="0.000000">
          <skipped/>
        </testcase>
        <testcase name="test_find_by_pk_array" file="/home/aurich/www/library/php-activerecord/test/ActiveRecordFindTest.php" line="47" class="ActiveRecordFindTest" classname="ActiveRecordFindTest" assertions="0" time="0.000000">
          <skipped/>
        </testcase>
        <testcase name="test_find_by_pk_array_with_options" file="/home/aurich/www/library/php-activerecord/test/ActiveRecordFindTest.php" line="55" class="ActiveRecordFindTest" classname="ActiveRecordFindTest" assertions="0" time="0.000000">
          <skipped/>
        </testcase>
        <testcase name="test_find_nothing_with_sql_in_string" file="/home/aurich/www/library/php-activerecord/test/ActiveRecordFindTest.php" line="65" class="ActiveRecordFindTest" classname="ActiveRecordFindTest" assertions="0" time="0.000000">
          <skipped/>
        </testcase>
        <testcase name="test_find_all" file="/home/aurich/www/library/php-activerecord/test/ActiveRecordFindTest.php" line="70" class="ActiveRecordFindTest" classname="ActiveRecordFindTest" assertions="0" time="0.000000">
          <skipped/>
        </testcase>
        <testcase name="test_find_all_with_no_bind_values" file="/home/aurich/www/library/php-activerecord/test/ActiveRecordFindTest.php" line="76" class="ActiveRecordFindTest" classname="ActiveRecordFindTest" assertions="0" time="0.000000">
          <skipped/>
        </testcase>
        <testcase name="test_find_all_with_empty_array_bind_value_throws_exception" file="/home/aurich/www/library/php-activerecord/test/ActiveRecordFindTest.php" line="85" class="ActiveRecordFindTest" classname="ActiveRecordFindTest" assertions="0" time="0.000000">
          <skipped/>
        </testcase>
        <testcase name="test_find_hash_using_alias" file="/home/aurich/www/library/php-activerecord/test/ActiveRecordFindTest.php" line="91" class="ActiveRecordFindTest" classname="ActiveRecordFindTest" assertions="0" time="0.000000">
          <skipped/>
        </testcase>
        <testcase name="test_find_hash_using_alias_with_null" file="/home/aurich/www/library/php-activerecord/test/ActiveRecordFindTest.php" line="97" class="ActiveRecordFindTest" classname="ActiveRecordFindTest" assertions="0" time="0.000000">
          <skipped/>
        </testcase>
        <testcase name="test_dynamic_finder_using_alias" file="/home/aurich/www/library/php-activerecord/test/ActiveRecordFindTest.php" line="103" class="ActiveRecordFindTest" classname="ActiveRecordFindTest" assertions="0" time="0.000000">
          <skipped/>
        </testcase>
        <testcase name="test_find_all_hash" file="/home/aurich/www/library/php-activerecord/test/ActiveRecordFindTest.php" line="108" class="ActiveRecordFindTest" classname="ActiveRecordFindTest" assertions="0" time="0.000000">
          <skipped/>
        </testcase>
        <testcase name="test_find_all_hash_with_order" file="/home/aurich/www/library/php-activerecord/test/ActiveRecordFindTest.php" line="114" class="ActiveRecordFindTest" classname="ActiveRecordFindTest" assertions="0" time="0.000000">
          <skipped/>
        </testcase>
        <testcase name="test_find_all_no_args" file="/home/aurich/www/library/php-activerecord/test/ActiveRecordFindTest.php" line="120" class="ActiveRecordFindTest" classname="ActiveRecordFindTest" assertions="0" time="0.000000">
          <skipped/>
        </testcase>
        <testcase name="test_find_all_no_results" file="/home/aurich/www/library/php-activerecord/test/ActiveRecordFindTest.php" line="126" class="ActiveRecordFindTest" classname="ActiveRecordFindTest" assertions="0" time="0.000000">
          <skipped/>
        </testcase>
        <testcase name="test_find_first" file="/home/aurich/www/library/php-activerecord/test/ActiveRecordFindTest.php" line="132" class="ActiveRecordFindTest" classname="ActiveRecordFindTest" assertions="0" time="0.000000">
          <skipped/>
        </testcase>
        <testcase name="test_find_first_no_results" file="/home/aurich/www/library/php-activerecord/test/ActiveRecordFindTest.php" line="139" class="ActiveRecordFindTest" classname="ActiveRecordFindTest" assertions="0" time="0.000000">
          <skipped/>
        </testcase>
        <testcase name="test_find_first_using_pk" file="/home/aurich/www/library/php-activerecord/test/ActiveRecordFindTest.php" line="144" class="ActiveRecordFindTest" classname="ActiveRecordFindTest" assertions="0" time="0.000000">
          <skipped/>
        </testcase>
        <testcase name="test_find_first_with_conditions_as_string" file="/home/aurich/www/library/php-activerecord/test/ActiveRecordFindTest.php" line="150" class="ActiveRecordFindTest" classname="ActiveRecordFindTest" assertions="0" time="0.000000">
          <skipped/>
        </testcase>
        <testcase name="test_find_all_with_conditions_as_string" file="/home/aurich/www/library/php-activerecord/test/ActiveRecordFindTest.php" line="156" class="ActiveRecordFindTest" classname="ActiveRecordFindTest" assertions="0" time="0.000000">
          <skipped/>
        </testcase>
        <testcase name="test_find_by_sql" file="/home/aurich/www/library/php-activerecord/test/ActiveRecordFindTest.php" line="162" class="ActiveRecordFindTest" classname="ActiveRecordFindTest" assertions="0" time="0.000000">
          <skipped/>
        </testcase>
        <testcase name="test_find_by_sqltakes_values_array" file="/home/aurich/www/library/php-activerecord/test/ActiveRecordFindTest.php" line="169" class="ActiveRecordFindTest" classname="ActiveRecordFindTest" assertions="0" time="0.000000">
          <skipped/>
        </testcase>
        <testcase name="test_find_with_conditions" file="/home/aurich/www/library/php-activerecord/test/ActiveRecordFindTest.php" line="175" class="ActiveRecordFindTest" classname="ActiveRecordFindTest" assertions="0" time="0.000000">
          <skipped/>
        </testcase>
        <testcase name="test_find_last" file="/home/aurich/www/library/php-activerecord/test/ActiveRecordFindTest.php" line="181" class="ActiveRecordFindTest" classname="ActiveRecordFindTest" assertions="0" time="0.000000">
          <skipped/>
        </testcase>
        <testcase name="test_find_last_using_string_condition" file="/home/aurich/www/library/php-activerecord/test/ActiveRecordFindTest.php" line="188" class="ActiveRecordFindTest" classname="ActiveRecordFindTest" assertions="0" time="0.000000">
          <skipped/>
        </testcase>
        <testcase name="test_limit_before_order" file="/home/aurich/www/library/php-activerecord/test/ActiveRecordFindTest.php" line="195" class="ActiveRecordFindTest" classname="ActiveRecordFindTest" assertions="0" time="0.000000">
          <skipped/>
        </testcase>
        <testcase name="test_for_each" file="/home/aurich/www/library/php-activerecord/test/ActiveRecordFindTest.php" line="202" class="ActiveRecordFindTest" classname="ActiveRecordFindTest" assertions="0" time="0.000000">
          <skipped/>
        </testcase>
        <testcase name="test_fetch_all" file="/home/aurich/www/library/php-activerecord/test/ActiveRecordFindTest.php" line="215" class="ActiveRecordFindTest" classname="ActiveRecordFindTest" assertions="0" time="0.000000">
          <skipped/>
        </testcase>
        <testcase name="test_count" file="/home/aurich/www/library/php-activerecord/test/ActiveRecordFindTest.php" line="227" class="ActiveRecordFindTest" classname="ActiveRecordFindTest" assertions="0" time="0.000000">
          <skipped/>
        </testcase>
        <testcase name="test_gh149_empty_count" file="/home/aurich/www/library/php-activerecord/test/ActiveRecordFindTest.php" line="237" class="ActiveRecordFindTest" classname="ActiveRecordFindTest" assertions="0" time="0.000000">
          <skipped/>
        </testcase>
        <testcase name="test_exists" file="/home/aurich/www/library/php-activerecord/test/ActiveRecordFindTest.php" line="244" class="ActiveRecordFindTest" classname="ActiveRecordFindTest" assertions="0" time="0.000000">
          <skipped/>
        </testcase>
        <testcase name="test_find_by_call_static" file="/home/aurich/www/library/php-activerecord/test/ActiveRecordFindTest.php" line="253" class="ActiveRecordFindTest" classname="ActiveRecordFindTest" assertions="0" time="0.000000">
          <skipped/>
        </testcase>
        <testcase name="test_find_by_call_static_no_results" file="/home/aurich/www/library/php-activerecord/test/ActiveRecordFindTest.php" line="261" class="ActiveRecordFindTest" classname="ActiveRecordFindTest" assertions="0" time="0.000000">
          <skipped/>
        </testcase>
        <testcase name="test_find_by_call_static_invalid_column_name" file="/home/aurich/www/library/php-activerecord/test/ActiveRecordFindTest.php" line="270" class="ActiveRecordFindTest" classname="ActiveRecordFindTest" assertions="0" time="0.000000">
          <skipped/>
        </testcase>
        <testcase name="test_find_all_by_call_static" file="/home/aurich/www/library/php-activerecord/test/ActiveRecordFindTest.php" line="275" class="ActiveRecordFindTest" classname="ActiveRecordFindTest" assertions="0" time="0.000000">
          <skipped/>
        </testcase>
        <testcase name="test_find_all_by_call_static_no_results" file="/home/aurich/www/library/php-activerecord/test/ActiveRecordFindTest.php" line="286" class="ActiveRecordFindTest" classname="ActiveRecordFindTest" assertions="0" time="0.000000">
          <skipped/>
        </testcase>
        <testcase name="test_find_all_by_call_static_with_array_values_and_options" file="/home/aurich/www/library/php-activerecord/test/ActiveRecordFindTest.php" line="292" class="ActiveRecordFindTest" classname="ActiveRecordFindTest" assertions="0" time="0.000000">
          <skipped/>
        </testcase>
        <testcase name="test_find_all_by_call_static_undefined_method" file="/home/aurich/www/library/php-activerecord/test/ActiveRecordFindTest.php" line="302" class="ActiveRecordFindTest" classname="ActiveRecordFindTest" assertions="0" time="0.000000">
          <skipped/>
        </testcase>
        <testcase name="test_find_all_takes_limit_options" file="/home/aurich/www/library/php-activerecord/test/ActiveRecordFindTest.php" line="307" class="ActiveRecordFindTest" classname="ActiveRecordFindTest" assertions="0" time="0.000000">
          <skipped/>
        </testcase>
        <testcase name="test_find_by_call_static_with_invalid_field_name" file="/home/aurich/www/library/php-activerecord/test/ActiveRecordFindTest.php" line="316" class="ActiveRecordFindTest" classname="ActiveRecordFindTest" assertions="0" time="0.000000">
          <skipped/>
        </testcase>
        <testcase name="test_find_with_select" file="/home/aurich/www/library/php-activerecord/test/ActiveRecordFindTest.php" line="321" class="ActiveRecordFindTest" classname="ActiveRecordFindTest" assertions="0" time="0.000000">
          <skipped/>
        </testcase>
        <testcase name="test_find_with_select_non_selected_fields_should_not_have_attributes" file="/home/aurich/www/library/php-activerecord/test/ActiveRecordFindTest.php" line="328" class="ActiveRecordFindTest" classname="ActiveRecordFindTest" assertions="0" time="0.000000">
          <skipped/>
        </testcase>
        <testcase name="test_joins_on_model_with_association_and_explicit_joins" file="/home/aurich/www/library/php-activerecord/test/ActiveRecordFindTest.php" line="339" class="ActiveRecordFindTest" classname="ActiveRecordFindTest" assertions="0" time="0.000000">
          <skipped/>
        </testcase>
        <testcase name="test_joins_on_model_with_explicit_joins" file="/home/aurich/www/library/php-activerecord/test/ActiveRecordFindTest.php" line="347" class="ActiveRecordFindTest" classname="ActiveRecordFindTest" assertions="0" time="0.000000">
          <skipped/>
        </testcase>
        <testcase name="test_group" file="/home/aurich/www/library/php-activerecord/test/ActiveRecordFindTest.php" line="353" class="ActiveRecordFindTest" classname="ActiveRecordFindTest" assertions="0" time="0.000000">
          <skipped/>
        </testcase>
        <testcase name="test_group_with_order_and_limit_and_having" file="/home/aurich/www/library/php-activerecord/test/ActiveRecordFindTest.php" line="360" class="ActiveRecordFindTest" classname="ActiveRecordFindTest" assertions="0" time="0.000000">
          <skipped/>
        </testcase>
        <testcase name="test_escape_quotes" file="/home/aurich/www/library/php-activerecord/test/ActiveRecordFindTest.php" line="367" class="ActiveRecordFindTest" classname="ActiveRecordFindTest" assertions="0" time="0.000000">
          <skipped/>
        </testcase>
        <testcase name="test_from" file="/home/aurich/www/library/php-activerecord/test/ActiveRecordFindTest.php" line="373" class="ActiveRecordFindTest" classname="ActiveRecordFindTest" assertions="0" time="0.000000">
          <skipped/>
        </testcase>
        <testcase name="test_having" file="/home/aurich/www/library/php-activerecord/test/ActiveRecordFindTest.php" line="384" class="ActiveRecordFindTest" classname="ActiveRecordFindTest" assertions="0" time="0.000000">
          <skipped/>
        </testcase>
        <testcase name="test_from_with_invalid_table" file="/home/aurich/www/library/php-activerecord/test/ActiveRecordFindTest.php" line="407" class="ActiveRecordFindTest" classname="ActiveRecordFindTest" assertions="0" time="0.000000">
          <skipped/>
        </testcase>
        <testcase name="test_find_with_hash" file="/home/aurich/www/library/php-activerecord/test/ActiveRecordFindTest.php" line="412" class="ActiveRecordFindTest" classname="ActiveRecordFindTest" assertions="0" time="0.000000">
          <skipped/>
        </testcase>
        <testcase name="test_find_or_create_by_on_existing_record" file="/home/aurich/www/library/php-activerecord/test/ActiveRecordFindTest.php" line="420" class="ActiveRecordFindTest" classname="ActiveRecordFindTest" assertions="0" time="0.000000">
          <skipped/>
        </testcase>
        <testcase name="test_find_or_create_by_creates_new_record" file="/home/aurich/www/library/php-activerecord/test/ActiveRecordFindTest.php" line="425" class="ActiveRecordFindTest" classname="ActiveRecordFindTest" assertions="0" time="0.000000">
          <skipped/>
        </testcase>
        <testcase name="test_find_or_create_by_throws_exception_when_using_or" file="/home/aurich/www/library/php-activerecord/test/ActiveRecordFindTest.php" line="435" class="ActiveRecordFindTest" classname="ActiveRecordFindTest" assertions="0" time="0.000000">
          <skipped/>
        </testcase>
        <testcase name="test_find_by_zero" file="/home/aurich/www/library/php-activerecord/test/ActiveRecordFindTest.php" line="443" class="ActiveRecordFindTest" classname="ActiveRecordFindTest" assertions="0" time="0.000000">
          <skipped/>
        </testcase>
        <testcase name="test_find_by_null" file="/home/aurich/www/library/php-activerecord/test/ActiveRecordFindTest.php" line="451" class="ActiveRecordFindTest" classname="ActiveRecordFindTest" assertions="0" time="0.000000">
          <skipped/>
        </testcase>
        <testcase name="test_count_by" file="/home/aurich/www/library/php-activerecord/test/ActiveRecordFindTest.php" line="456" class="ActiveRecordFindTest" classname="ActiveRecordFindTest" assertions="0" time="0.000000">
          <skipped/>
        </testcase>
        <testcase name="test_find_by_pk_should_not_use_limit" file="/home/aurich/www/library/php-activerecord/test/ActiveRecordFindTest.php" line="463" class="ActiveRecordFindTest" classname="ActiveRecordFindTest" assertions="0" time="0.000000">
          <skipped/>
        </testcase>
        <testcase name="test_find_by_datetime" file="/home/aurich/www/library/php-activerecord/test/ActiveRecordFindTest.php" line="469" class="ActiveRecordFindTest" classname="ActiveRecordFindTest" assertions="0" time="0.000000">
          <skipped/>
        </testcase>
      </testsuite>
      <testsuite name="ActiveRecordTest" file="/home/aurich/www/library/php-activerecord/test/ActiveRecordTest.php" tests="67" assertions="0" errors="0" failures="0" skipped="67" time="0.000000">
        <testcase name="test_options_is_not" file="/home/aurich/www/library/php-activerecord/test/ActiveRecordTest.php" line="11" class="ActiveRecordTest" classname="ActiveRecordTest" assertions="0" time="0.000000">
          <skipped/>
        </testcase>
        <testcase name="test_options_hash_with_unknown_keys" file="/home/aurich/www/library/php-activerecord/test/ActiveRecordTest.php" line="23" class="ActiveRecordTest" classname="ActiveRecordTest" assertions="0" time="0.000000">
          <skipped/>
        </testcase>
        <testcase name="test_options_is_hash" file="/home/aurich/www/library/php-activerecord/test/ActiveRecordTest.php" line="27" class="ActiveRecordTest" classname="ActiveRecordTest" assertions="0" time="0.000000">
          <skipped/>
        </testcase>
        <testcase name="test_extract_and_validate_options" file="/home/aurich/www/library/php-activerecord/test/ActiveRecordTest.php" line="32" class="ActiveRecordTest" classname="ActiveRecordTest" assertions="0" time="0.000000">
          <skipped/>
        </testcase>
        <testcase name="test_extract_and_validate_options_with_array_in_args" file="/home/aurich/www/library/php-activerecord/test/ActiveRecordTest.php" line="38" class="ActiveRecordTest" classname="ActiveRecordTest" assertions="0" time="0.000000">
          <skipped/>
        </testcase>
        <testcase name="test_extract_and_validate_options_removes_options_hash" file="/home/aurich/www/library/php-activerecord/test/ActiveRecordTest.php" line="43" class="ActiveRecordTest" classname="ActiveRecordTest" assertions="0" time="0.000000">
          <skipped/>
        </testcase>
        <testcase name="test_extract_and_validate_options_nope" file="/home/aurich/www/library/php-activerecord/test/ActiveRecordTest.php" line="49" class="ActiveRecordTest" classname="ActiveRecordTest" assertions="0" time="0.000000">
          <skipped/>
        </testcase>
        <testcase name="test_extract_and_validate_options_nope_because_wasnt_at_end" file="/home/aurich/www/library/php-activerecord/test/ActiveRecordTest.php" line="55" class="ActiveRecordTest" classname="ActiveRecordTest" assertions="0" time="0.000000">
          <skipped/>
        </testcase>
        <testcase name="test_invalid_attribute" file="/home/aurich/www/library/php-activerecord/test/ActiveRecordTest.php" line="63" class="ActiveRecordTest" classname="ActiveRecordTest" assertions="0" time="0.000000">
          <skipped/>
        </testcase>
        <testcase name="test_invalid_attributes" file="/home/aurich/www/library/php-activerecord/test/ActiveRecordTest.php" line="69" class="ActiveRecordTest" classname="ActiveRecordTest" assertions="0" time="0.000000">
          <skipped/>
        </testcase>
        <testcase name="test_getter_undefined_property_exception_includes_model_name" file="/home/aurich/www/library/php-activerecord/test/ActiveRecordTest.php" line="82" class="ActiveRecordTest" classname="ActiveRecordTest" assertions="0" time="0.000000">
          <skipped/>
        </testcase>
        <testcase name="test_mass_assignment_undefined_property_exception_includes_model_name" file="/home/aurich/www/library/php-activerecord/test/ActiveRecordTest.php" line="91" class="ActiveRecordTest" classname="ActiveRecordTest" assertions="0" time="0.000000">
          <skipped/>
        </testcase>
        <testcase name="test_setter_undefined_property_exception_includes_model_name" file="/home/aurich/www/library/php-activerecord/test/ActiveRecordTest.php" line="99" class="ActiveRecordTest" classname="ActiveRecordTest" assertions="0" time="0.000000">
          <skipped/>
        </testcase>
        <testcase name="test_get_values_for" file="/home/aurich/www/library/php-activerecord/test/ActiveRecordTest.php" line="108" class="ActiveRecordTest" classname="ActiveRecordTest" assertions="0" time="0.000000">
          <skipped/>
        </testcase>
        <testcase name="test_hyphenated_column_names_to_underscore" file="/home/aurich/www/library/php-activerecord/test/ActiveRecordTest.php" line="116" class="ActiveRecordTest" classname="ActiveRecordTest" assertions="0" time="0.000000">
          <skipped/>
        </testcase>
        <testcase name="test_column_names_with_spaces" file="/home/aurich/www/library/php-activerecord/test/ActiveRecordTest.php" line="125" class="ActiveRecordTest" classname="ActiveRecordTest" assertions="0" time="0.000000">
          <skipped/>
        </testcase>
        <testcase name="test_mixed_case_column_name" file="/home/aurich/www/library/php-activerecord/test/ActiveRecordTest.php" line="134" class="ActiveRecordTest" classname="ActiveRecordTest" assertions="0" time="0.000000">
          <skipped/>
        </testcase>
        <testcase name="test_mixed_case_primary_key_save" file="/home/aurich/www/library/php-activerecord/test/ActiveRecordTest.php" line="140" class="ActiveRecordTest" classname="ActiveRecordTest" assertions="0" time="0.000000">
          <skipped/>
        </testcase>
        <testcase name="test_reload" file="/home/aurich/www/library/php-activerecord/test/ActiveRecordTest.php" line="148" class="ActiveRecordTest" classname="ActiveRecordTest" assertions="0" time="0.000000">
          <skipped/>
        </testcase>
        <testcase name="test_reload_protected_attribute" file="/home/aurich/www/library/php-activerecord/test/ActiveRecordTest.php" line="158" class="ActiveRecordTest" classname="ActiveRecordTest" assertions="0" time="0.000000">
          <skipped/>
        </testcase>
        <testcase name="test_active_record_model_home_not_set" file="/home/aurich/www/library/php-activerecord/test/ActiveRecordTest.php" line="167" class="ActiveRecordTest" classname="ActiveRecordTest" assertions="0" time="0.000000">
          <skipped/>
        </testcase>
        <testcase name="test_auto_load_with_namespaced_model" file="/home/aurich/www/library/php-activerecord/test/ActiveRecordTest.php" line="176" class="ActiveRecordTest" classname="ActiveRecordTest" assertions="0" time="0.000000">
          <skipped/>
        </testcase>
        <testcase name="test_namespace_gets_stripped_from_table_name" file="/home/aurich/www/library/php-activerecord/test/ActiveRecordTest.php" line="181" class="ActiveRecordTest" classname="ActiveRecordTest" assertions="0" time="0.000000">
          <skipped/>
        </testcase>
        <testcase name="test_namespace_gets_stripped_from_inferred_foreign_key" file="/home/aurich/www/library/php-activerecord/test/ActiveRecordTest.php" line="187" class="ActiveRecordTest" classname="ActiveRecordTest" assertions="0" time="0.000000">
          <skipped/>
        </testcase>
        <testcase name="test_namespaced_relationship_associates_correctly" file="/home/aurich/www/library/php-activerecord/test/ActiveRecordTest.php" line="197" class="ActiveRecordTest" classname="ActiveRecordTest" assertions="0" time="0.000000">
          <skipped/>
        </testcase>
        <testcase name="test_should_have_all_column_attributes_when_initializing_with_array" file="/home/aurich/www/library/php-activerecord/test/ActiveRecordTest.php" line="231" class="ActiveRecordTest" classname="ActiveRecordTest" assertions="0" time="0.000000">
          <skipped/>
        </testcase>
        <testcase name="test_defaults" file="/home/aurich/www/library/php-activerecord/test/ActiveRecordTest.php" line="237" class="ActiveRecordTest" classname="ActiveRecordTest" assertions="0" time="0.000000">
          <skipped/>
        </testcase>
        <testcase name="test_alias_attribute_getter" file="/home/aurich/www/library/php-activerecord/test/ActiveRecordTest.php" line="243" class="ActiveRecordTest" classname="ActiveRecordTest" assertions="0" time="0.000000">
          <skipped/>
        </testcase>
        <testcase name="test_alias_attribute_setter" file="/home/aurich/www/library/php-activerecord/test/ActiveRecordTest.php" line="250" class="ActiveRecordTest" classname="ActiveRecordTest" assertions="0" time="0.000000">
          <skipped/>
        </testcase>
        <testcase name="test_alias_from_mass_attributes" file="/home/aurich/www/library/php-activerecord/test/ActiveRecordTest.php" line="262" class="ActiveRecordTest" classname="ActiveRecordTest" assertions="0" time="0.000000">
          <skipped/>
        </testcase>
        <testcase name="test_gh18_isset_on_aliased_attribute" file="/home/aurich/www/library/php-activerecord/test/ActiveRecordTest.php" line="269" class="ActiveRecordTest" classname="ActiveRecordTest" assertions="0" time="0.000000">
          <skipped/>
        </testcase>
        <testcase name="test_attr_accessible" file="/home/aurich/www/library/php-activerecord/test/ActiveRecordTest.php" line="274" class="ActiveRecordTest" classname="ActiveRecordTest" assertions="0" time="0.000000">
          <skipped/>
        </testcase>
        <testcase name="test_attr_protected" file="/home/aurich/www/library/php-activerecord/test/ActiveRecordTest.php" line="283" class="ActiveRecordTest" classname="ActiveRecordTest" assertions="0" time="0.000000">
          <skipped/>
        </testcase>
        <testcase name="test_isset" file="/home/aurich/www/library/php-activerecord/test/ActiveRecordTest.php" line="291" class="ActiveRecordTest" classname="ActiveRecordTest" assertions="0" time="0.000000">
          <skipped/>
        </testcase>
        <testcase name="test_readonly_only_halt_on_write_method" file="/home/aurich/www/library/php-activerecord/test/ActiveRecordTest.php" line="298" class="ActiveRecordTest" classname="ActiveRecordTest" assertions="0" time="0.000000">
          <skipped/>
        </testcase>
        <testcase name="test_cast_when_using_setter" file="/home/aurich/www/library/php-activerecord/test/ActiveRecordTest.php" line="313" class="ActiveRecordTest" classname="ActiveRecordTest" assertions="0" time="0.000000">
          <skipped/>
        </testcase>
        <testcase name="test_cast_when_loading" file="/home/aurich/www/library/php-activerecord/test/ActiveRecordTest.php" line="320" class="ActiveRecordTest" classname="ActiveRecordTest" assertions="0" time="0.000000">
          <skipped/>
        </testcase>
        <testcase name="test_cast_defaults" file="/home/aurich/www/library/php-activerecord/test/ActiveRecordTest.php" line="327" class="ActiveRecordTest" classname="ActiveRecordTest" assertions="0" time="0.000000">
          <skipped/>
        </testcase>
        <testcase name="test_transaction_committed" file="/home/aurich/www/library/php-activerecord/test/ActiveRecordTest.php" line="333" class="ActiveRecordTest" classname="ActiveRecordTest" assertions="0" time="0.000000">
          <skipped/>
        </testcase>
        <testcase name="test_transaction_committed_when_returning_true" file="/home/aurich/www/library/php-activerecord/test/ActiveRecordTest.php" line="341" class="ActiveRecordTest" classname="ActiveRecordTest" assertions="0" time="0.000000">
          <skipped/>
        </testcase>
        <testcase name="test_transaction_rolledback_by_returning_false" file="/home/aurich/www/library/php-activerecord/test/ActiveRecordTest.php" line="349" class="ActiveRecordTest" classname="ActiveRecordTest" assertions="0" time="0.000000">
          <skipped/>
        </testcase>
        <testcase name="test_transaction_rolledback_by_throwing_exception" file="/home/aurich/www/library/php-activerecord/test/ActiveRecordTest.php" line="363" class="ActiveRecordTest" classname="ActiveRecordTest" assertions="0" time="0.000000">
          <skipped/>
        </testcase>
        <testcase name="test_delegate" file="/home/aurich/www/library/php-activerecord/test/ActiveRecordTest.php" line="385" class="ActiveRecordTest" classname="ActiveRecordTest" assertions="0" time="0.000000">
          <skipped/>
        </testcase>
        <testcase name="test_delegate_prefix" file="/home/aurich/www/library/php-activerecord/test/ActiveRecordTest.php" line="392" class="ActiveRecordTest" classname="ActiveRecordTest" assertions="0" time="0.000000">
          <skipped/>
        </testcase>
        <testcase name="test_delegate_returns_null_if_relationship_does_not_exist" file="/home/aurich/www/library/php-activerecord/test/ActiveRecordTest.php" line="398" class="ActiveRecordTest" classname="ActiveRecordTest" assertions="0" time="0.000000">
          <skipped/>
        </testcase>
        <testcase name="test_delegate_set_attribute" file="/home/aurich/www/library/php-activerecord/test/ActiveRecordTest.php" line="404" class="ActiveRecordTest" classname="ActiveRecordTest" assertions="0" time="0.000000">
          <skipped/>
        </testcase>
        <testcase name="test_delegate_getter_gh_98" file="/home/aurich/www/library/php-activerecord/test/ActiveRecordTest.php" line="411" class="ActiveRecordTest" classname="ActiveRecordTest" assertions="0" time="0.000000">
          <skipped/>
        </testcase>
        <testcase name="test_delegate_setter_gh_98" file="/home/aurich/www/library/php-activerecord/test/ActiveRecordTest.php" line="422" class="ActiveRecordTest" classname="ActiveRecordTest" assertions="0" time="0.000000">
          <skipped/>
        </testcase>
        <testcase name="test_table_name_with_underscores" file="/home/aurich/www/library/php-activerecord/test/ActiveRecordTest.php" line="433" class="ActiveRecordTest" classname="ActiveRecordTest" assertions="0" time="0.000000">
          <skipped/>
        </testcase>
        <testcase name="test_model_should_default_as_new_record" file="/home/aurich/www/library/php-activerecord/test/ActiveRecordTest.php" line="438" class="ActiveRecordTest" classname="ActiveRecordTest" assertions="0" time="0.000000">
          <skipped/>
        </testcase>
        <testcase name="test_setter" file="/home/aurich/www/library/php-activerecord/test/ActiveRecordTest.php" line="444" class="ActiveRecordTest" classname="ActiveRecordTest" assertions="0" time="0.000000">
          <skipped/>
        </testcase>
        <testcase name="test_setter_with_same_name_as_an_attribute" file="/home/aurich/www/library/php-activerecord/test/ActiveRecordTest.php" line="451" class="ActiveRecordTest" classname="ActiveRecordTest" assertions="0" time="0.000000">
          <skipped/>
        </testcase>
        <testcase name="test_getter" file="/home/aurich/www/library/php-activerecord/test/ActiveRecordTest.php" line="458" class="ActiveRecordTest" classname="ActiveRecordTest" assertions="0" time="0.000000">
          <skipped/>
        </testcase>
        <testcase name="test_getter_with_same_name_as_an_attribute" file="/home/aurich/www/library/php-activerecord/test/ActiveRecordTest.php" line="464" class="ActiveRecordTest" classname="ActiveRecordTest" assertions="0" time="0.000000">
          <skipped/>
        </testcase>
        <testcase name="test_setting_invalid_date_should_set_date_to_null" file="/home/aurich/www/library/php-activerecord/test/ActiveRecordTest.php" line="473" class="ActiveRecordTest" classname="ActiveRecordTest" assertions="0" time="0.000000">
          <skipped/>
        </testcase>
        <testcase name="test_table_name" file="/home/aurich/www/library/php-activerecord/test/ActiveRecordTest.php" line="480" class="ActiveRecordTest" classname="ActiveRecordTest" assertions="0" time="0.000000">
          <skipped/>
        </testcase>
        <testcase name="test_undefined_instance_method" file="/home/aurich/www/library/php-activerecord/test/ActiveRecordTest.php" line="488" class="ActiveRecordTest" classname="ActiveRecordTest" assertions="0" time="0.000000">
          <skipped/>
        </testcase>
        <testcase name="test_clear_cache_for_specific_class" file="/home/aurich/www/library/php-activerecord/test/ActiveRecordTest.php" line="493" class="ActiveRecordTest" classname="ActiveRecordTest" assertions="0" time="0.000000">
          <skipped/>
        </testcase>
        <testcase name="test_flag_dirty" file="/home/aurich/www/library/php-activerecord/test/ActiveRecordTest.php" line="504" class="ActiveRecordTest" classname="ActiveRecordTest" assertions="0" time="0.000000">
          <skipped/>
        </testcase>
        <testcase name="test_flag_dirty_attribute_which_does_not_exit" file="/home/aurich/www/library/php-activerecord/test/ActiveRecordTest.php" line="514" class="ActiveRecordTest" classname="ActiveRecordTest" assertions="0" time="0.000000">
          <skipped/>
        </testcase>
        <testcase name="test_gh245_dirty_attribute_should_not_raise_php_notice_if_not_dirty" file="/home/aurich/www/library/php-activerecord/test/ActiveRecordTest.php" line="522" class="ActiveRecordTest" classname="ActiveRecordTest" assertions="0" time="0.000000">
          <skipped/>
        </testcase>
        <testcase name="test_assigning_php_datetime_gets_converted_to_date_class_with_defaults" file="/home/aurich/www/library/php-activerecord/test/ActiveRecordTest.php" line="529" class="ActiveRecordTest" classname="ActiveRecordTest" assertions="0" time="0.000000">
          <skipped/>
        </testcase>
        <testcase name="test_assigning_php_datetime_gets_converted_to_date_class_with_custom_date_class" file="/home/aurich/www/library/php-activerecord/test/ActiveRecordTest.php" line="537" class="ActiveRecordTest" classname="ActiveRecordTest" assertions="0" time="0.000000">
          <skipped/>
        </testcase>
        <testcase name="test_assigning_from_mass_assignment_php_datetime_gets_converted_to_ar_datetime" file="/home/aurich/www/library/php-activerecord/test/ActiveRecordTest.php" line="546" class="ActiveRecordTest" classname="ActiveRecordTest" assertions="0" time="0.000000">
          <skipped/>
        </testcase>
        <testcase name="test_get_real_attribute_name" file="/home/aurich/www/library/php-activerecord/test/ActiveRecordTest.php" line="552" class="ActiveRecordTest" classname="ActiveRecordTest" assertions="0" time="0.000000">
          <skipped/>
        </testcase>
        <testcase name="test_id_setter_works_with_table_without_pk_named_attribute" file="/home/aurich/www/library/php-activerecord/test/ActiveRecordTest.php" line="560" class="ActiveRecordTest" classname="ActiveRecordTest" assertions="0" time="0.000000">
          <skipped/>
        </testcase>
        <testcase name="test_query" file="/home/aurich/www/library/php-activerecord/test/ActiveRecordTest.php" line="566" class="ActiveRecordTest" classname="ActiveRecordTest" assertions="0" time="0.000000">
          <skipped/>
        </testcase>
      </testsuite>
      <testsuite name="ActiveRecordWriteTest" file="/home/aurich/www/library/php-activerecord/test/ActiveRecordWriteTest.php" tests="48" assertions="0" errors="0" failures="0" skipped="48" time="0.000000">
        <testcase name="test_save" file="/home/aurich/www/library/php-activerecord/test/ActiveRecordWriteTest.php" line="40" class="ActiveRecordWriteTest" classname="ActiveRecordWriteTest" assertions="0" time="0.000000">
          <skipped/>
        </testcase>
        <testcase name="test_insert" file="/home/aurich/www/library/php-activerecord/test/ActiveRecordWriteTest.php" line="46" class="ActiveRecordWriteTest" classname="ActiveRecordWriteTest" assertions="0" time="0.000000">
          <skipped/>
        </testcase>
        <testcase name="test_insert_with_no_sequence_defined" file="/home/aurich/www/library/php-activerecord/test/ActiveRecordWriteTest.php" line="56" class="ActiveRecordWriteTest" classname="ActiveRecordWriteTest" assertions="0" time="0.000000">
          <skipped/>
        </testcase>
        <testcase name="test_insert_should_quote_keys" file="/home/aurich/www/library/php-activerecord/test/ActiveRecordWriteTest.php" line="64" class="ActiveRecordWriteTest" classname="ActiveRecordWriteTest" assertions="0" time="0.000000">
          <skipped/>
        </testcase>
        <testcase name="test_save_auto_increment_id" file="/home/aurich/www/library/php-activerecord/test/ActiveRecordWriteTest.php" line="71" class="ActiveRecordWriteTest" classname="ActiveRecordWriteTest" assertions="0" time="0.000000">
          <skipped/>
        </testcase>
        <testcase name="test_sequence_was_set" file="/home/aurich/www/library/php-activerecord/test/ActiveRecordWriteTest.php" line="78" class="ActiveRecordWriteTest" classname="ActiveRecordWriteTest" assertions="0" time="0.000000">
          <skipped/>
        </testcase>
        <testcase name="test_sequence_was_explicitly_set" file="/home/aurich/www/library/php-activerecord/test/ActiveRecordWriteTest.php" line="86" class="ActiveRecordWriteTest" classname="ActiveRecordWriteTest" assertions="0" time="0.000000">
          <skipped/>
        </testcase>
        <testcase name="test_delete" file="/home/aurich/www/library/php-activerecord/test/ActiveRecordWriteTest.php" line="94" class="ActiveRecordWriteTest" classname="ActiveRecordWriteTest" assertions="0" time="0.000000">
          <skipped/>
        </testcase>
        <testcase name="test_delete_by_find_all" file="/home/aurich/www/library/php-activerecord/test/ActiveRecordWriteTest.php" line="102" class="ActiveRecordWriteTest" classname="ActiveRecordWriteTest" assertions="0" time="0.000000">
          <skipped/>
        </testcase>
        <testcase name="test_update" file="/home/aurich/www/library/php-activerecord/test/ActiveRecordWriteTest.php" line="113" class="ActiveRecordWriteTest" classname="ActiveRecordWriteTest" assertions="0" time="0.000000">
          <skipped/>
        </testcase>
        <testcase name="test_update_should_quote_keys" file="/home/aurich/www/library/php-activerecord/test/ActiveRecordWriteTest.php" line="124" class="ActiveRecordWriteTest" classname="ActiveRecordWriteTest" assertions="0" time="0.000000">
          <skipped/>
        </testcase>
        <testcase name="test_update_attributes" file="/home/aurich/www/library/php-activerecord/test/ActiveRecordWriteTest.php" line="132" class="ActiveRecordWriteTest" classname="ActiveRecordWriteTest" assertions="0" time="0.000000">
          <skipped/>
        </testcase>
        <testcase name="test_update_attributes_undefined_property" file="/home/aurich/www/library/php-activerecord/test/ActiveRecordWriteTest.php" line="146" class="ActiveRecordWriteTest" classname="ActiveRecordWriteTest" assertions="0" time="0.000000">
          <skipped/>
        </testcase>
        <testcase name="test_update_attribute" file="/home/aurich/www/library/php-activerecord/test/ActiveRecordWriteTest.php" line="152" class="ActiveRecordWriteTest" classname="ActiveRecordWriteTest" assertions="0" time="0.000000">
          <skipped/>
        </testcase>
        <testcase name="test_update_attribute_undefined_property" file="/home/aurich/www/library/php-activerecord/test/ActiveRecordWriteTest.php" line="165" class="ActiveRecordWriteTest" classname="ActiveRecordWriteTest" assertions="0" time="0.000000">
          <skipped/>
        </testcase>
        <testcase name="test_save_null_value" file="/home/aurich/www/library/php-activerecord/test/ActiveRecordWriteTest.php" line="171" class="ActiveRecordWriteTest" classname="ActiveRecordWriteTest" assertions="0" time="0.000000">
          <skipped/>
        </testcase>
        <testcase name="test_save_blank_value" file="/home/aurich/www/library/php-activerecord/test/ActiveRecordWriteTest.php" line="179" class="ActiveRecordWriteTest" classname="ActiveRecordWriteTest" assertions="0" time="0.000000">
          <skipped/>
        </testcase>
        <testcase name="test_dirty_attributes" file="/home/aurich/www/library/php-activerecord/test/ActiveRecordWriteTest.php" line="191" class="ActiveRecordWriteTest" classname="ActiveRecordWriteTest" assertions="0" time="0.000000">
          <skipped/>
        </testcase>
        <testcase name="test_dirty_attributes_cleared_after_saving" file="/home/aurich/www/library/php-activerecord/test/ActiveRecordWriteTest.php" line="197" class="ActiveRecordWriteTest" classname="ActiveRecordWriteTest" assertions="0" time="0.000000">
          <skipped/>
        </testcase>
        <testcase name="test_dirty_attributes_cleared_after_inserting" file="/home/aurich/www/library/php-activerecord/test/ActiveRecordWriteTest.php" line="205" class="ActiveRecordWriteTest" classname="ActiveRecordWriteTest" assertions="0" time="0.000000">
          <skipped/>
        </testcase>
        <testcase name="test_no_dirty_attributes_but_still_insert_record" file="/home/aurich/www/library/php-activerecord/test/ActiveRecordWriteTest.php" line="211" class="ActiveRecordWriteTest" classname="ActiveRecordWriteTest" assertions="0" time="0.000000">
          <skipped/>
        </testcase>
        <testcase name="test_dirty_attributes_cleared_after_updating" file="/home/aurich/www/library/php-activerecord/test/ActiveRecordWriteTest.php" line="220" class="ActiveRecordWriteTest" classname="ActiveRecordWriteTest" assertions="0" time="0.000000">
          <skipped/>
        </testcase>
        <testcase name="test_dirty_attributes_after_reloading" file="/home/aurich/www/library/php-activerecord/test/ActiveRecordWriteTest.php" line="228" class="ActiveRecordWriteTest" classname="ActiveRecordWriteTest" assertions="0" time="0.000000">
          <skipped/>
        </testcase>
        <testcase name="test_dirty_attributes_with_mass_assignment" file="/home/aurich/www/library/php-activerecord/test/ActiveRecordWriteTest.php" line="236" class="ActiveRecordWriteTest" classname="ActiveRecordWriteTest" assertions="0" time="0.000000">
          <skipped/>
        </testcase>
        <testcase name="test_timestamps_set_before_save" file="/home/aurich/www/library/php-activerecord/test/ActiveRecordWriteTest.php" line="243" class="ActiveRecordWriteTest" classname="ActiveRecordWriteTest" assertions="0" time="0.000000">
          <skipped/>
        </testcase>
        <testcase name="test_timestamps_updated_at_only_set_before_update" file="/home/aurich/www/library/php-activerecord/test/ActiveRecordWriteTest.php" line="253" class="ActiveRecordWriteTest" classname="ActiveRecordWriteTest" assertions="0" time="0.000000">
          <skipped/>
        </testcase>
        <testcase name="test_create" file="/home/aurich/www/library/php-activerecord/test/ActiveRecordWriteTest.php" line="269" class="ActiveRecordWriteTest" classname="ActiveRecordWriteTest" assertions="0" time="0.000000">
          <skipped/>
        </testcase>
        <testcase name="test_create_should_set_created_at" file="/home/aurich/www/library/php-activerecord/test/ActiveRecordWriteTest.php" line="275" class="ActiveRecordWriteTest" classname="ActiveRecordWriteTest" assertions="0" time="0.000000">
          <skipped/>
        </testcase>
        <testcase name="test_update_with_no_primary_key_defined" file="/home/aurich/www/library/php-activerecord/test/ActiveRecordWriteTest.php" line="284" class="ActiveRecordWriteTest" classname="ActiveRecordWriteTest" assertions="0" time="0.000000">
          <skipped/>
        </testcase>
        <testcase name="test_delete_with_no_primary_key_defined" file="/home/aurich/www/library/php-activerecord/test/ActiveRecordWriteTest.php" line="295" class="ActiveRecordWriteTest" classname="ActiveRecordWriteTest" assertions="0" time="0.000000">
          <skipped/>
        </testcase>
        <testcase name="test_inserting_with_explicit_pk" file="/home/aurich/www/library/php-activerecord/test/ActiveRecordWriteTest.php" line="302" class="ActiveRecordWriteTest" classname="ActiveRecordWriteTest" assertions="0" time="0.000000">
          <skipped/>
        </testcase>
        <testcase name="test_readonly" file="/home/aurich/www/library/php-activerecord/test/ActiveRecordWriteTest.php" line="311" class="ActiveRecordWriteTest" classname="ActiveRecordWriteTest" assertions="0" time="0.000000">
          <skipped/>
        </testcase>
        <testcase name="test_modified_attributes_in_before_handlers_get_saved" file="/home/aurich/www/library/php-activerecord/test/ActiveRecordWriteTest.php" line="317" class="ActiveRecordWriteTest" classname="ActiveRecordWriteTest" assertions="0" time="0.000000">
          <skipped/>
        </testcase>
        <testcase name="test_is_dirty" file="/home/aurich/www/library/php-activerecord/test/ActiveRecordWriteTest.php" line="325" class="ActiveRecordWriteTest" classname="ActiveRecordWriteTest" assertions="0" time="0.000000">
          <skipped/>
        </testcase>
        <testcase name="test_set_date_flags_dirty" file="/home/aurich/www/library/php-activerecord/test/ActiveRecordWriteTest.php" line="334" class="ActiveRecordWriteTest" classname="ActiveRecordWriteTest" assertions="0" time="0.000000">
          <skipped/>
        </testcase>
        <testcase name="test_set_date_flags_dirty_with_php_datetime" file="/home/aurich/www/library/php-activerecord/test/ActiveRecordWriteTest.php" line="342" class="ActiveRecordWriteTest" classname="ActiveRecordWriteTest" assertions="0" time="0.000000">
          <skipped/>
        </testcase>
        <testcase name="test_delete_all_with_conditions_as_string" file="/home/aurich/www/library/php-activerecord/test/ActiveRecordWriteTest.php" line="350" class="ActiveRecordWriteTest" classname="ActiveRecordWriteTest" assertions="0" time="0.000000">
          <skipped/>
        </testcase>
        <testcase name="test_delete_all_with_conditions_as_hash" file="/home/aurich/www/library/php-activerecord/test/ActiveRecordWriteTest.php" line="356" class="ActiveRecordWriteTest" classname="ActiveRecordWriteTest" assertions="0" time="0.000000">
          <skipped/>
        </testcase>
        <testcase name="test_delete_all_with_conditions_as_array" file="/home/aurich/www/library/php-activerecord/test/ActiveRecordWriteTest.php" line="362" class="ActiveRecordWriteTest" classname="ActiveRecordWriteTest" assertions="0" time="0.000000">
          <skipped/>
        </testcase>
        <testcase name="test_delete_all_with_limit_and_order" file="/home/aurich/www/library/php-activerecord/test/ActiveRecordWriteTest.php" line="368" class="ActiveRecordWriteTest" classname="ActiveRecordWriteTest" assertions="0" time="0.000000">
          <skipped/>
        </testcase>
        <testcase name="test_update_all_with_set_as_string" file="/home/aurich/www/library/php-activerecord/test/ActiveRecordWriteTest.php" line="378" class="ActiveRecordWriteTest" classname="ActiveRecordWriteTest" assertions="0" time="0.000000">
          <skipped/>
        </testcase>
        <testcase name="test_update_all_with_set_as_hash" file="/home/aurich/www/library/php-activerecord/test/ActiveRecordWriteTest.php" line="385" class="ActiveRecordWriteTest" classname="ActiveRecordWriteTest" assertions="0" time="0.000000">
          <skipped/>
        </testcase>
        <testcase name="test_update_all_with_conditions_as_string" file="/home/aurich/www/library/php-activerecord/test/ActiveRecordWriteTest.php" line="400" class="ActiveRecordWriteTest" classname="ActiveRecordWriteTest" assertions="0" time="0.000000">
          <skipped/>
        </testcase>
        <testcase name="test_update_all_with_conditions_as_hash" file="/home/aurich/www/library/php-activerecord/test/ActiveRecordWriteTest.php" line="406" class="ActiveRecordWriteTest" classname="ActiveRecordWriteTest" assertions="0" time="0.000000">
          <skipped/>
        </testcase>
        <testcase name="test_update_all_with_conditions_as_array" file="/home/aurich/www/library/php-activerecord/test/ActiveRecordWriteTest.php" line="412" class="ActiveRecordWriteTest" classname="ActiveRecordWriteTest" assertions="0" time="0.000000">
          <skipped/>
        </testcase>
        <testcase name="test_update_all_with_limit_and_order" file="/home/aurich/www/library/php-activerecord/test/ActiveRecordWriteTest.php" line="418" class="ActiveRecordWriteTest" classname="ActiveRecordWriteTest" assertions="0" time="0.000000">
          <skipped/>
        </testcase>
        <testcase name="test_update_native_datetime" file="/home/aurich/www/library/php-activerecord/test/ActiveRecordWriteTest.php" line="428" class="ActiveRecordWriteTest" classname="ActiveRecordWriteTest" assertions="0" time="0.000000">
          <skipped/>
        </testcase>
        <testcase name="test_update_our_datetime" file="/home/aurich/www/library/php-activerecord/test/ActiveRecordWriteTest.php" line="436" class="ActiveRecordWriteTest" classname="ActiveRecordWriteTest" assertions="0" time="0.000000">
          <skipped/>
        </testcase>
      </testsuite>
      <testsuite name="CacheModelTest" file="/home/aurich/www/library/php-activerecord/test/CacheModelTest.php" tests="10" assertions="0" errors="0" failures="0" skipped="10" time="0.000000">
        <testcase name="test_default_expire" file="/home/aurich/www/library/php-activerecord/test/CacheModelTest.php" line="31" class="CacheModelTest" classname="CacheModelTest" assertions="0" time="0.000000">
          <skipped/>
        </testcase>
        <testcase name="test_explicit_expire" file="/home/aurich/www/library/php-activerecord/test/CacheModelTest.php" line="36" class="CacheModelTest" classname="CacheModelTest" assertions="0" time="0.000000">
          <skipped/>
        </testcase>
        <testcase name="test_cache_key" file="/home/aurich/www/library/php-activerecord/test/CacheModelTest.php" line="41" class="CacheModelTest" classname="CacheModelTest" assertions="0" time="0.000000">
          <skipped/>
        </testcase>
        <testcase name="test_model_cache_find_by_pk" file="/home/aurich/www/library/php-activerecord/test/CacheModelTest.php" line="49" class="CacheModelTest" classname="CacheModelTest" assertions="0" time="0.000000">
          <skipped/>
        </testcase>
        <testcase name="test_model_cache_new" file="/home/aurich/www/library/php-activerecord/test/CacheModelTest.php" line="59" class="CacheModelTest" classname="CacheModelTest" assertions="0" time="0.000000">
          <skipped/>
        </testcase>
        <testcase name="test_model_cache_find" file="/home/aurich/www/library/php-activerecord/test/CacheModelTest.php" line="76" class="CacheModelTest" classname="CacheModelTest" assertions="0" time="0.000000">
          <skipped/>
        </testcase>
        <testcase name="test_regular_models_not_cached" file="/home/aurich/www/library/php-activerecord/test/CacheModelTest.php" line="90" class="CacheModelTest" classname="CacheModelTest" assertions="0" time="0.000000">
          <skipped/>
        </testcase>
        <testcase name="test_model_delete_from_cache" file="/home/aurich/www/library/php-activerecord/test/CacheModelTest.php" line="98" class="CacheModelTest" classname="CacheModelTest" assertions="0" time="0.000000">
          <skipped/>
        </testcase>
        <testcase name="test_model_update_cache" file="/home/aurich/www/library/php-activerecord/test/CacheModelTest.php" line="111" class="CacheModelTest" classname="CacheModelTest" assertions="0" time="0.000000">
          <skipped/>
        </testcase>
        <testcase name="test_model_reload_expires_cache" file="/home/aurich/www/library/php-activerecord/test/CacheModelTest.php" line="131" class="CacheModelTest" classname="CacheModelTest" assertions="0" time="0.000000">
          <skipped/>
        </testcase>
      </testsuite>
      <testsuite name="CacheTest" file="/home/aurich/www/library/php-activerecord/test/CacheTest.php" tests="10" assertions="0" errors="0" failures="0" skipped="10" time="0.000000">
        <testcase name="test_initialize" file="/home/aurich/www/library/php-activerecord/test/CacheTest.php" line="27" class="CacheTest" classname="CacheTest" assertions="0" time="0.000000">
          <skipped/>
        </testcase>
        <testcase name="test_initialize_with_null" file="/home/aurich/www/library/php-activerecord/test/CacheTest.php" line="32" class="CacheTest" classname="CacheTest" assertions="0" time="0.000000">
          <skipped/>
        </testcase>
        <testcase name="test_get_returns_the_value" file="/home/aurich/www/library/php-activerecord/test/CacheTest.php" line="38" class="CacheTest" classname="CacheTest" assertions="0" time="0.000000">
          <skipped/>
        </testcase>
        <testcase name="test_get_writes_to_the_cache" file="/home/aurich/www/library/php-activerecord/test/CacheTest.php" line="43" class="CacheTest" classname="CacheTest" assertions="0" time="0.000000">
          <skipped/>
        </testcase>
        <testcase name="test_get_does_not_execute_closure_on_cache_hit" file="/home/aurich/www/library/php-activerecord/test/CacheTest.php" line="49" class="CacheTest" classname="CacheTest" assertions="0" time="0.000000">
          <skipped/>
        </testcase>
        <testcase name="test_cache_adapter_returns_false_on_cache_miss" file="/home/aurich/www/library/php-activerecord/test/CacheTest.php" line="55" class="CacheTest" classname="CacheTest" assertions="0" time="0.000000">
          <skipped/>
        </testcase>
        <testcase name="test_get_works_without_caching_enabled" file="/home/aurich/www/library/php-activerecord/test/CacheTest.php" line="60" class="CacheTest" classname="CacheTest" assertions="0" time="0.000000">
          <skipped/>
        </testcase>
        <testcase name="test_cache_expire" file="/home/aurich/www/library/php-activerecord/test/CacheTest.php" line="66" class="CacheTest" classname="CacheTest" assertions="0" time="0.000000">
          <skipped/>
        </testcase>
        <testcase name="test_namespace_is_set_properly" file="/home/aurich/www/library/php-activerecord/test/CacheTest.php" line="75" class="CacheTest" classname="CacheTest" assertions="0" time="0.000000">
          <skipped/>
        </testcase>
        <testcase name="test_exception_when_connect_fails" file="/home/aurich/www/library/php-activerecord/test/CacheTest.php" line="86" class="CacheTest" classname="CacheTest" assertions="0" time="0.000000">
          <skipped/>
        </testcase>
      </testsuite>
      <testsuite name="CallBackTest" file="/home/aurich/www/library/php-activerecord/test/CallbackTest.php" tests="30" assertions="0" errors="0" failures="0" skipped="30" time="0.000000">
        <testcase name="test_gh_266_calling_save_in_after_save_callback_uses_update_instead_of_insert" file="/home/aurich/www/library/php-activerecord/test/CallbackTest.php" line="32" class="CallBackTest" classname="CallBackTest" assertions="0" time="0.000000">
          <skipped/>
        </testcase>
        <testcase name="test_generic_callback_was_auto_registered" file="/home/aurich/www/library/php-activerecord/test/CallbackTest.php" line="45" class="CallBackTest" classname="CallBackTest" assertions="0" time="0.000000">
          <skipped/>
        </testcase>
        <testcase name="test_register" file="/home/aurich/www/library/php-activerecord/test/CallbackTest.php" line="50" class="CallBackTest" classname="CallBackTest" assertions="0" time="0.000000">
          <skipped/>
        </testcase>
        <testcase name="test_register_non_generic" file="/home/aurich/www/library/php-activerecord/test/CallbackTest.php" line="56" class="CallBackTest" classname="CallBackTest" assertions="0" time="0.000000">
          <skipped/>
        </testcase>
        <testcase name="test_register_invalid_callback" file="/home/aurich/www/library/php-activerecord/test/CallbackTest.php" line="65" class="CallBackTest" classname="CallBackTest" assertions="0" time="0.000000">
          <skipped/>
        </testcase>
        <testcase name="test_register_callback_with_undefined_method" file="/home/aurich/www/library/php-activerecord/test/CallbackTest.php" line="73" class="CallBackTest" classname="CallBackTest" assertions="0" time="0.000000">
          <skipped/>
        </testcase>
        <testcase name="test_register_with_string_definition" file="/home/aurich/www/library/php-activerecord/test/CallbackTest.php" line="78" class="CallBackTest" classname="CallBackTest" assertions="0" time="0.000000">
          <skipped/>
        </testcase>
        <testcase name="test_register_with_closure" file="/home/aurich/www/library/php-activerecord/test/CallbackTest.php" line="84" class="CallBackTest" classname="CallBackTest" assertions="0" time="0.000000">
          <skipped/>
        </testcase>
        <testcase name="test_register_with_null_definition" file="/home/aurich/www/library/php-activerecord/test/CallbackTest.php" line="89" class="CallBackTest" classname="CallBackTest" assertions="0" time="0.000000">
          <skipped/>
        </testcase>
        <testcase name="test_register_with_no_definition" file="/home/aurich/www/library/php-activerecord/test/CallbackTest.php" line="95" class="CallBackTest" classname="CallBackTest" assertions="0" time="0.000000">
          <skipped/>
        </testcase>
        <testcase name="test_register_appends_to_registry" file="/home/aurich/www/library/php-activerecord/test/CallbackTest.php" line="101" class="CallBackTest" classname="CallBackTest" assertions="0" time="0.000000">
          <skipped/>
        </testcase>
        <testcase name="test_register_prepends_to_registry" file="/home/aurich/www/library/php-activerecord/test/CallbackTest.php" line="108" class="CallBackTest" classname="CallBackTest" assertions="0" time="0.000000">
          <skipped/>
        </testcase>
        <testcase name="test_registers_via_static_array_definition" file="/home/aurich/www/library/php-activerecord/test/CallbackTest.php" line="115" class="CallBackTest" classname="CallBackTest" assertions="0" time="0.000000">
          <skipped/>
        </testcase>
        <testcase name="test_registers_via_static_string_definition" file="/home/aurich/www/library/php-activerecord/test/CallbackTest.php" line="121" class="CallBackTest" classname="CallBackTest" assertions="0" time="0.000000">
          <skipped/>
        </testcase>
        <testcase name="test_register_via_static_with_invalid_definition" file="/home/aurich/www/library/php-activerecord/test/CallbackTest.php" line="129" class="CallBackTest" classname="CallBackTest" assertions="0" time="0.000000">
          <skipped/>
        </testcase>
        <testcase name="test_can_register_same_multiple_times" file="/home/aurich/www/library/php-activerecord/test/CallbackTest.php" line="137" class="CallBackTest" classname="CallBackTest" assertions="0" time="0.000000">
          <skipped/>
        </testcase>
        <testcase name="test_register_closure_callback" file="/home/aurich/www/library/php-activerecord/test/CallbackTest.php" line="144" class="CallBackTest" classname="CallBackTest" assertions="0" time="0.000000">
          <skipped/>
        </testcase>
        <testcase name="test_get_callbacks_returns_array" file="/home/aurich/www/library/php-activerecord/test/CallbackTest.php" line="151" class="CallBackTest" classname="CallBackTest" assertions="0" time="0.000000">
          <skipped/>
        </testcase>
        <testcase name="test_get_callbacks_returns_null" file="/home/aurich/www/library/php-activerecord/test/CallbackTest.php" line="157" class="CallBackTest" classname="CallBackTest" assertions="0" time="0.000000">
          <skipped/>
        </testcase>
        <testcase name="test_invoke_runs_all_callbacks" file="/home/aurich/www/library/php-activerecord/test/CallbackTest.php" line="162" class="CallBackTest" classname="CallBackTest" assertions="0" time="0.000000">
          <skipped/>
        </testcase>
        <testcase name="test_invoke_closure" file="/home/aurich/www/library/php-activerecord/test/CallbackTest.php" line="170" class="CallBackTest" classname="CallBackTest" assertions="0" time="0.000000">
          <skipped/>
        </testcase>
        <testcase name="test_invoke_implicitly_calls_save_first" file="/home/aurich/www/library/php-activerecord/test/CallbackTest.php" line="178" class="CallBackTest" classname="CallBackTest" assertions="0" time="0.000000">
          <skipped/>
        </testcase>
        <testcase name="test_invoke_unregistered_callback" file="/home/aurich/www/library/php-activerecord/test/CallbackTest.php" line="189" class="CallBackTest" classname="CallBackTest" assertions="0" time="0.000000">
          <skipped/>
        </testcase>
        <testcase name="test_before_callbacks_pass_on_false_return_callback_returned_false" file="/home/aurich/www/library/php-activerecord/test/CallbackTest.php" line="195" class="CallBackTest" classname="CallBackTest" assertions="0" time="0.000000">
          <skipped/>
        </testcase>
        <testcase name="test_before_callbacks_does_not_pass_on_false_for_after_callbacks" file="/home/aurich/www/library/php-activerecord/test/CallbackTest.php" line="201" class="CallBackTest" classname="CallBackTest" assertions="0" time="0.000000">
          <skipped/>
        </testcase>
        <testcase name="test_gh_28_after_create_should_be_invoked_after_auto_incrementing_pk_is_set" file="/home/aurich/www/library/php-activerecord/test/CallbackTest.php" line="207" class="CallBackTest" classname="CallBackTest" assertions="0" time="0.000000">
          <skipped/>
        </testcase>
        <testcase name="test_before_create_returned_false_halts_execution" file="/home/aurich/www/library/php-activerecord/test/CallbackTest.php" line="219" class="CallBackTest" classname="CallBackTest" assertions="0" time="0.000000">
          <skipped/>
        </testcase>
        <testcase name="test_before_save_returned_false_halts_execution" file="/home/aurich/www/library/php-activerecord/test/CallbackTest.php" line="240" class="CallBackTest" classname="CallBackTest" assertions="0" time="0.000000">
          <skipped/>
        </testcase>
        <testcase name="test_before_destroy_returned_false_halts_execution" file="/home/aurich/www/library/php-activerecord/test/CallbackTest.php" line="262" class="CallBackTest" classname="CallBackTest" assertions="0" time="0.000000">
          <skipped/>
        </testcase>
        <testcase name="test_before_validation_returned_false_halts_execution" file="/home/aurich/www/library/php-activerecord/test/CallbackTest.php" line="280" class="CallBackTest" classname="CallBackTest" assertions="0" time="0.000000">
          <skipped/>
        </testcase>
      </testsuite>
      <testsuite name="ColumnTest" file="/home/aurich/www/library/php-activerecord/test/ColumnTest.php" tests="12" assertions="0" errors="0" failures="0" skipped="12" time="0.000000">
        <testcase name="test_map_raw_type_dates" file="/home/aurich/www/library/php-activerecord/test/ColumnTest.php" line="36" class="ColumnTest" classname="ColumnTest" assertions="0" time="0.000000">
          <skipped/>
        </testcase>
        <testcase name="test_map_raw_type_integers" file="/home/aurich/www/library/php-activerecord/test/ColumnTest.php" line="42" class="ColumnTest" classname="ColumnTest" assertions="0" time="0.000000">
          <skipped/>
        </testcase>
        <testcase name="test_map_raw_type_decimals" file="/home/aurich/www/library/php-activerecord/test/ColumnTest.php" line="52" class="ColumnTest" classname="ColumnTest" assertions="0" time="0.000000">
          <skipped/>
        </testcase>
        <testcase name="test_map_raw_type_strings" file="/home/aurich/www/library/php-activerecord/test/ColumnTest.php" line="60" class="ColumnTest" classname="ColumnTest" assertions="0" time="0.000000">
          <skipped/>
        </testcase>
        <testcase name="test_map_raw_type_default_to_string" file="/home/aurich/www/library/php-activerecord/test/ColumnTest.php" line="67" class="ColumnTest" classname="ColumnTest" assertions="0" time="0.000000">
          <skipped/>
        </testcase>
        <testcase name="test_map_raw_type_changes_integer_to_int" file="/home/aurich/www/library/php-activerecord/test/ColumnTest.php" line="72" class="ColumnTest" classname="ColumnTest" assertions="0" time="0.000000">
          <skipped/>
        </testcase>
        <testcase name="test_cast" file="/home/aurich/www/library/php-activerecord/test/ColumnTest.php" line="79" class="ColumnTest" classname="ColumnTest" assertions="0" time="0.000000">
          <skipped/>
        </testcase>
        <testcase name="test_cast_leave_null_alone" file="/home/aurich/www/library/php-activerecord/test/ColumnTest.php" line="100" class="ColumnTest" classname="ColumnTest" assertions="0" time="0.000000">
          <skipped/>
        </testcase>
        <testcase name="test_empty_and_null_date_strings_should_return_null" file="/home/aurich/www/library/php-activerecord/test/ColumnTest.php" line="114" class="ColumnTest" classname="ColumnTest" assertions="0" time="0.000000">
          <skipped/>
        </testcase>
        <testcase name="test_empty_and_null_datetime_strings_should_return_null" file="/home/aurich/www/library/php-activerecord/test/ColumnTest.php" line="122" class="ColumnTest" classname="ColumnTest" assertions="0" time="0.000000">
          <skipped/>
        </testcase>
        <testcase name="test_native_date_time_attribute_copies_exact_tz" file="/home/aurich/www/library/php-activerecord/test/ColumnTest.php" line="130" class="ColumnTest" classname="ColumnTest" assertions="0" time="0.000000">
          <skipped/>
        </testcase>
        <testcase name="test_ar_date_time_attribute_copies_exact_tz" file="/home/aurich/www/library/php-activerecord/test/ColumnTest.php" line="144" class="ColumnTest" classname="ColumnTest" assertions="0" time="0.000000">
          <skipped/>
        </testcase>
      </testsuite>
      <testsuite name="ConfigTest" file="/home/aurich/www/library/php-activerecord/test/ConfigTest.php" tests="16" assertions="19" errors="0" failures="0" skipped="0" time="0.003467">
        <testcase name="test_set_connections_must_be_array" file="/home/aurich/www/library/php-activerecord/test/ConfigTest.php" line="31" class="ConfigTest" classname="ConfigTest" assertions="1" time="0.000716"/>
        <testcase name="test_get_connections" file="/home/aurich/www/library/php-activerecord/test/ConfigTest.php" line="37" class="ConfigTest" classname="ConfigTest" assertions="1" time="0.000293"/>
        <testcase name="test_get_connection" file="/home/aurich/www/library/php-activerecord/test/ConfigTest.php" line="42" class="ConfigTest" classname="ConfigTest" assertions="1" time="0.000146"/>
        <testcase name="test_get_invalid_connection" file="/home/aurich/www/library/php-activerecord/test/ConfigTest.php" line="47" class="ConfigTest" classname="ConfigTest" assertions="1" time="0.000191"/>
        <testcase name="test_get_default_connection_and_connection" file="/home/aurich/www/library/php-activerecord/test/ConfigTest.php" line="52" class="ConfigTest" classname="ConfigTest" assertions="2" time="0.000140"/>
        <testcase name="test_get_default_connection_and_connection_string_defaults_to_development" file="/home/aurich/www/library/php-activerecord/test/ConfigTest.php" line="59" class="ConfigTest" classname="ConfigTest" assertions="2" time="0.000128"/>
        <testcase name="test_get_default_connection_string_when_connection_name_is_not_valid" file="/home/aurich/www/library/php-activerecord/test/ConfigTest.php" line="65" class="ConfigTest" classname="ConfigTest" assertions="1" time="0.000123"/>
        <testcase name="test_default_connection_is_set_when_only_one_connection_is_present" file="/home/aurich/www/library/php-activerecord/test/ConfigTest.php" line="71" class="ConfigTest" classname="ConfigTest" assertions="1" time="0.000118"/>
        <testcase name="test_set_connections_with_default" file="/home/aurich/www/library/php-activerecord/test/ConfigTest.php" line="77" class="ConfigTest" classname="ConfigTest" assertions="1" time="0.000117"/>
        <testcase name="test_get_date_class_with_default" file="/home/aurich/www/library/php-activerecord/test/ConfigTest.php" line="83" class="ConfigTest" classname="ConfigTest" assertions="1" time="0.000121"/>
        <testcase name="test_set_date_class_when_class_doesnt_exist" file="/home/aurich/www/library/php-activerecord/test/ConfigTest.php" line="88" class="ConfigTest" classname="ConfigTest" assertions="1" time="0.000144"/>
        <testcase name="test_set_date_class_when_class_doesnt_have_format_or_createfromformat" file="/home/aurich/www/library/php-activerecord/test/ConfigTest.php" line="94" class="ConfigTest" classname="ConfigTest" assertions="1" time="0.000145"/>
        <testcase name="test_set_date_class_when_class_doesnt_have_createfromformat" file="/home/aurich/www/library/php-activerecord/test/ConfigTest.php" line="100" class="ConfigTest" classname="ConfigTest" assertions="1" time="0.000121"/>
        <testcase name="test_set_date_class_with_valid_class" file="/home/aurich/www/library/php-activerecord/test/ConfigTest.php" line="106" class="ConfigTest" classname="ConfigTest" assertions="1" time="0.000131"/>
        <testcase name="test_initialize_closure" file="/home/aurich/www/library/php-activerecord/test/ConfigTest.php" line="112" class="ConfigTest" classname="ConfigTest" assertions="2" time="0.000619"/>
        <testcase name="test_logger_object_must_implement_log_method" file="/home/aurich/www/library/php-activerecord/test/ConfigTest.php" line="123" class="ConfigTest" classname="ConfigTest" assertions="1" time="0.000215"/>
      </testsuite>
      <testsuite name="ConnectionManagerTest" file="/home/aurich/www/library/php-activerecord/test/ConnectionManagerTest.php" tests="7" assertions="0" errors="0" failures="0" skipped="7" time="0.000000">
        <testcase name="test_get_connection_with_null_connection" file="/home/aurich/www/library/php-activerecord/test/ConnectionManagerTest.php" line="8" class="ConnectionManagerTest" classname="ConnectionManagerTest" assertions="0" time="0.000000">
          <skipped/>
        </testcase>
        <testcase name="test_get_connection" file="/home/aurich/www/library/php-activerecord/test/ConnectionManagerTest.php" line="14" class="ConnectionManagerTest" classname="ConnectionManagerTest" assertions="0" time="0.000000">
          <skipped/>
        </testcase>
        <testcase name="test_get_connection_uses_existing_object" file="/home/aurich/www/library/php-activerecord/test/ConnectionManagerTest.php" line="19" class="ConnectionManagerTest" classname="ConnectionManagerTest" assertions="0" time="0.000000">
          <skipped/>
        </testcase>
        <testcase name="test_get_connection_with_default" file="/home/aurich/www/library/php-activerecord/test/ConnectionManagerTest.php" line="25" class="ConnectionManagerTest" classname="ConnectionManagerTest" assertions="0" time="0.000000">
          <skipped/>
        </testcase>
        <testcase name="test_gh_91_get_connection_with_null_connection_is_always_default" file="/home/aurich/www/library/php-activerecord/test/ConnectionManagerTest.php" line="32" class="ConnectionManagerTest" classname="ConnectionManagerTest" assertions="0" time="0.000000">
          <skipped/>
        </testcase>
        <testcase name="test_drop_connection" file="/home/aurich/www/library/php-activerecord/test/ConnectionManagerTest.php" line="44" class="ConnectionManagerTest" classname="ConnectionManagerTest" assertions="0" time="0.000000">
          <skipped/>
        </testcase>
        <testcase name="test_drop_connection_with_default" file="/home/aurich/www/library/php-activerecord/test/ConnectionManagerTest.php" line="51" class="ConnectionManagerTest" classname="ConnectionManagerTest" assertions="0" time="0.000000">
          <skipped/>
        </testcase>
      </testsuite>
      <testsuite name="ConnectionTest" file="/home/aurich/www/library/php-activerecord/test/ConnectionTest.php" tests="9" assertions="17" errors="0" failures="0" skipped="0" time="0.000990">
        <testcase name="test_connection_info_from_should_throw_exception_when_no_host" file="/home/aurich/www/library/php-activerecord/test/ConnectionTest.php" line="10" class="ConnectionTest" classname="ConnectionTest" assertions="1" time="0.000131"/>
        <testcase name="test_connection_info" file="/home/aurich/www/library/php-activerecord/test/ConnectionTest.php" line="16" class="ConnectionTest" classname="ConnectionTest" assertions="6" time="0.000109"/>
        <testcase name="test_gh_103_sqlite_connection_string_relative" file="/home/aurich/www/library/php-activerecord/test/ConnectionTest.php" line="27" class="ConnectionTest" classname="ConnectionTest" assertions="1" time="0.000096"/>
        <testcase name="test_gh_103_sqlite_connection_string_absolute" file="/home/aurich/www/library/php-activerecord/test/ConnectionTest.php" line="33" class="ConnectionTest" classname="ConnectionTest" assertions="1" time="0.000088"/>
        <testcase name="test_gh_103_sqlite_connection_string_unix" file="/home/aurich/www/library/php-activerecord/test/ConnectionTest.php" line="39" class="ConnectionTest" classname="ConnectionTest" assertions="3" time="0.000153"/>
        <testcase name="test_gh_103_sqlite_connection_string_windows" file="/home/aurich/www/library/php-activerecord/test/ConnectionTest.php" line="51" class="ConnectionTest" classname="ConnectionTest" assertions="1" time="0.000106"/>
        <testcase name="test_parse_connection_url_with_unix_sockets" file="/home/aurich/www/library/php-activerecord/test/ConnectionTest.php" line="57" class="ConnectionTest" classname="ConnectionTest" assertions="1" time="0.000122"/>
        <testcase name="test_parse_connection_url_with_decode_option" file="/home/aurich/www/library/php-activerecord/test/ConnectionTest.php" line="63" class="ConnectionTest" classname="ConnectionTest" assertions="2" time="0.000094"/>
        <testcase name="test_encoding" file="/home/aurich/www/library/php-activerecord/test/ConnectionTest.php" line="70" class="ConnectionTest" classname="ConnectionTest" assertions="1" time="0.000092"/>
      </testsuite>
      <testsuite name="DateFormatTest" file="/home/aurich/www/library/php-activerecord/test/DateFormatTest.php" tests="1" assertions="0" errors="0" failures="0" skipped="1" time="0.000000">
        <testcase name="test_datefield_gets_converted_to_ar_datetime" file="/home/aurich/www/library/php-activerecord/test/DateFormatTest.php" line="6" class="DateFormatTest" classname="DateFormatTest" assertions="0" time="0.000000">
          <skipped/>
        </testcase>
      </testsuite>
      <testsuite name="DateTimeTest" file="/home/aurich/www/library/php-activerecord/test/DateTimeTest.php" tests="21" assertions="33" errors="0" failures="0" skipped="4" time="0.004901">
        <testcase name="test_should_flag_the_attribute_dirty" file="/home/aurich/www/library/php-activerecord/test/DateTimeTest.php" line="42" class="DateTimeTest" classname="DateTimeTest" assertions="0" time="0.000653">
          <skipped/>
        </testcase>
        <testcase name="test_set_iso_date" file="/home/aurich/www/library/php-activerecord/test/DateTimeTest.php" line="56" class="DateTimeTest" classname="DateTimeTest" assertions="1" time="0.000154"/>
        <testcase name="test_set_time" file="/home/aurich/www/library/php-activerecord/test/DateTimeTest.php" line="67" class="DateTimeTest" classname="DateTimeTest" assertions="1" time="0.000135"/>
        <testcase name="test_set_time_microseconds" file="/home/aurich/www/library/php-activerecord/test/DateTimeTest.php" line="78" class="DateTimeTest" classname="DateTimeTest" assertions="1" time="0.000132"/>
        <testcase name="test_get_format_with_friendly" file="/home/aurich/www/library/php-activerecord/test/DateTimeTest.php" line="89" class="DateTimeTest" classname="DateTimeTest" assertions="1" time="0.000122"/>
        <testcase name="test_get_format_with_format" file="/home/aurich/www/library/php-activerecord/test/DateTimeTest.php" line="94" class="DateTimeTest" classname="DateTimeTest" assertions="1" time="0.000123"/>
        <testcase name="test_get_format_with_null" file="/home/aurich/www/library/php-activerecord/test/DateTimeTest.php" line="99" class="DateTimeTest" classname="DateTimeTest" assertions="1" time="0.000119"/>
        <testcase name="test_format" file="/home/aurich/www/library/php-activerecord/test/DateTimeTest.php" line="104" class="DateTimeTest" classname="DateTimeTest" assertions="2" time="0.000208"/>
        <testcase name="test_format_by_friendly_name" file="/home/aurich/www/library/php-activerecord/test/DateTimeTest.php" line="110" class="DateTimeTest" classname="DateTimeTest" assertions="1" time="0.000133"/>
        <testcase name="test_format_by_custom_format" file="/home/aurich/www/library/php-activerecord/test/DateTimeTest.php" line="116" class="DateTimeTest" classname="DateTimeTest" assertions="1" time="0.000124"/>
        <testcase name="test_format_uses_default" file="/home/aurich/www/library/php-activerecord/test/DateTimeTest.php" line="122" class="DateTimeTest" classname="DateTimeTest" assertions="1" time="0.000128"/>
        <testcase name="test_all_formats" file="/home/aurich/www/library/php-activerecord/test/DateTimeTest.php" line="128" class="DateTimeTest" classname="DateTimeTest" assertions="16" time="0.000191"/>
[...]
          <skipped/>
        </testcase>
        <testcase name="test_custom_message" file="/home/aurich/www/library/php-activerecord/test/ValidatesNumericalityOfTest.php" line="152" class="ValidatesNumericalityOfTest" classname="ValidatesNumericalityOfTest" assertions="0" time="0.000000">
          <skipped/>
        </testcase>
      </testsuite>
      <testsuite name="ValidatesPresenceOfTest" file="/home/aurich/www/library/php-activerecord/test/ValidatesPresenceOfTest.php" tests="8" assertions="0" errors="0" failures="0" skipped="8" time="0.000000">
        <testcase name="test_presence" file="/home/aurich/www/library/php-activerecord/test/ValidatesPresenceOfTest.php" line="23" class="ValidatesPresenceOfTest" classname="ValidatesPresenceOfTest" assertions="0" time="0.000000">
          <skipped/>
        </testcase>
        <testcase name="test_presence_on_date_field_is_valid" file="/home/aurich/www/library/php-activerecord/test/ValidatesPresenceOfTest.php" line="29" class="ValidatesPresenceOfTest" classname="ValidatesPresenceOfTest" assertions="0" time="0.000000">
          <skipped/>
        </testcase>
        <testcase name="test_presence_on_date_field_is_not_valid" file="/home/aurich/www/library/php-activerecord/test/ValidatesPresenceOfTest.php" line="35" class="ValidatesPresenceOfTest" classname="ValidatesPresenceOfTest" assertions="0" time="0.000000">
          <skipped/>
        </testcase>
        <testcase name="test_invalid_null" file="/home/aurich/www/library/php-activerecord/test/ValidatesPresenceOfTest.php" line="41" class="ValidatesPresenceOfTest" classname="ValidatesPresenceOfTest" assertions="0" time="0.000000">
          <skipped/>
        </testcase>
        <testcase name="test_invalid_blank" file="/home/aurich/www/library/php-activerecord/test/ValidatesPresenceOfTest.php" line="47" class="ValidatesPresenceOfTest" classname="ValidatesPresenceOfTest" assertions="0" time="0.000000">
          <skipped/>
        </testcase>
        <testcase name="test_valid_white_space" file="/home/aurich/www/library/php-activerecord/test/ValidatesPresenceOfTest.php" line="53" class="ValidatesPresenceOfTest" classname="ValidatesPresenceOfTest" assertions="0" time="0.000000">
          <skipped/>
        </testcase>
        <testcase name="test_custom_message" file="/home/aurich/www/library/php-activerecord/test/ValidatesPresenceOfTest.php" line="59" class="ValidatesPresenceOfTest" classname="ValidatesPresenceOfTest" assertions="0" time="0.000000">
          <skipped/>
        </testcase>
        <testcase name="test_valid_zero" file="/home/aurich/www/library/php-activerecord/test/ValidatesPresenceOfTest.php" line="68" class="ValidatesPresenceOfTest" classname="ValidatesPresenceOfTest" assertions="0" time="0.000000">
          <skipped/>
        </testcase>
      </testsuite>
      <testsuite name="ValidationsTest" file="/home/aurich/www/library/php-activerecord/test/ValidationsTest.php" tests="19" assertions="0" errors="0" failures="0" skipped="19" time="0.000000">
        <testcase name="test_is_valid_invokes_validations" file="/home/aurich/www/library/php-activerecord/test/ValidationsTest.php" line="39" class="ValidationsTest" classname="ValidationsTest" assertions="0" time="0.000000">
          <skipped/>
        </testcase>
        <testcase name="test_is_valid_returns_true_if_no_validations_exist" file="/home/aurich/www/library/php-activerecord/test/ValidationsTest.php" line="47" class="ValidationsTest" classname="ValidationsTest" assertions="0" time="0.000000">
          <skipped/>
        </testcase>
        <testcase name="test_is_valid_returns_false_if_failed_validations" file="/home/aurich/www/library/php-activerecord/test/ValidationsTest.php" line="53" class="ValidationsTest" classname="ValidationsTest" assertions="0" time="0.000000">
          <skipped/>
        </testcase>
        <testcase name="test_is_invalid" file="/home/aurich/www/library/php-activerecord/test/ValidationsTest.php" line="59" class="ValidationsTest" classname="ValidationsTest" assertions="0" time="0.000000">
          <skipped/>
        </testcase>
        <testcase name="test_is_invalid_is_true" file="/home/aurich/www/library/php-activerecord/test/ValidationsTest.php" line="65" class="ValidationsTest" classname="ValidationsTest" assertions="0" time="0.000000">
          <skipped/>
        </testcase>
        <testcase name="test_is_iterable" file="/home/aurich/www/library/php-activerecord/test/ValidationsTest.php" line="71" class="ValidationsTest" classname="ValidationsTest" assertions="0" time="0.000000">
          <skipped/>
        </testcase>
        <testcase name="test_full_messages" file="/home/aurich/www/library/php-activerecord/test/ValidationsTest.php" line="80" class="ValidationsTest" classname="ValidationsTest" assertions="0" time="0.000000">
          <skipped/>
        </testcase>
        <testcase name="test_to_array" file="/home/aurich/www/library/php-activerecord/test/ValidationsTest.php" line="88" class="ValidationsTest" classname="ValidationsTest" assertions="0" time="0.000000">
          <skipped/>
        </testcase>
        <testcase name="test_toString" file="/home/aurich/www/library/php-activerecord/test/ValidationsTest.php" line="96" class="ValidationsTest" classname="ValidationsTest" assertions="0" time="0.000000">
          <skipped/>
        </testcase>
        <testcase name="test_validates_uniqueness_of" file="/home/aurich/www/library/php-activerecord/test/ValidationsTest.php" line="105" class="ValidationsTest" classname="ValidationsTest" assertions="0" time="0.000000">
          <skipped/>
        </testcase>
        <testcase name="test_validates_uniqueness_of_excludes_self" file="/home/aurich/www/library/php-activerecord/test/ValidationsTest.php" line="114" class="ValidationsTest" classname="ValidationsTest" assertions="0" time="0.000000">
          <skipped/>
        </testcase>
        <testcase name="test_validates_uniqueness_of_with_multiple_fields" file="/home/aurich/www/library/php-activerecord/test/ValidationsTest.php" line="120" class="ValidationsTest" classname="ValidationsTest" assertions="0" time="0.000000">
          <skipped/>
        </testcase>
        <testcase name="test_validates_uniqueness_of_with_multiple_fields_is_not_unique" file="/home/aurich/www/library/php-activerecord/test/ValidationsTest.php" line="128" class="ValidationsTest" classname="ValidationsTest" assertions="0" time="0.000000">
          <skipped/>
        </testcase>
        <testcase name="test_validates_uniqueness_of_works_with_alias_attribute" file="/home/aurich/www/library/php-activerecord/test/ValidationsTest.php" line="137" class="ValidationsTest" classname="ValidationsTest" assertions="0" time="0.000000">
          <skipped/>
        </testcase>
        <testcase name="test_validates_uniqueness_of_works_with_mysql_reserved_word_as_column_name" file="/home/aurich/www/library/php-activerecord/test/ValidationsTest.php" line="145" class="ValidationsTest" classname="ValidationsTest" assertions="0" time="0.000000">
          <skipped/>
        </testcase>
        <testcase name="test_get_validation_rules" file="/home/aurich/www/library/php-activerecord/test/ValidationsTest.php" line="154" class="ValidationsTest" classname="ValidationsTest" assertions="0" time="0.000000">
          <skipped/>
        </testcase>
        <testcase name="test_model_is_nulled_out_to_prevent_memory_leak" file="/home/aurich/www/library/php-activerecord/test/ValidationsTest.php" line="160" class="ValidationsTest" classname="ValidationsTest" assertions="0" time="0.000000">
          <skipped/>
        </testcase>
        <testcase name="test_validations_takes_strings" file="/home/aurich/www/library/php-activerecord/test/ValidationsTest.php" line="167" class="ValidationsTest" classname="ValidationsTest" assertions="0" time="0.000000">
          <skipped/>
        </testcase>
        <testcase name="test_gh131_custom_validation" file="/home/aurich/www/library/php-activerecord/test/ValidationsTest.php" line="174" class="ValidationsTest" classname="ValidationsTest" assertions="0" time="0.000000">
          <skipped/>
        </testcase>
      </testsuite>
      <testsuite name="AdapterTest" file="/home/aurich/www/library/php-activerecord/test/helpers/AdapterTest.php" tests="45" assertions="0" errors="0" failures="0" skipped="45" time="0.000000">
        <testcase name="test_i_has_a_default_port_unless_im_sqlite" file="/home/aurich/www/library/php-activerecord/test/helpers/AdapterTest.php" line="20" class="AdapterTest" classname="AdapterTest" assertions="0" time="0.000000">
          <skipped/>
        </testcase>
        <testcase name="test_should_set_adapter_variables" file="/home/aurich/www/library/php-activerecord/test/helpers/AdapterTest.php" line="29" class="AdapterTest" classname="AdapterTest" assertions="0" time="0.000000">
          <skipped/>
        </testcase>
        <testcase name="test_null_connection_string_uses_default_connection" file="/home/aurich/www/library/php-activerecord/test/helpers/AdapterTest.php" line="34" class="AdapterTest" classname="AdapterTest" assertions="0" time="0.000000">
          <skipped/>
        </testcase>
        <testcase name="test_invalid_connection_protocol" file="/home/aurich/www/library/php-activerecord/test/helpers/AdapterTest.php" line="41" class="AdapterTest" classname="AdapterTest" assertions="0" time="0.000000">
          <skipped/>
        </testcase>
        <testcase name="test_no_host_connection" file="/home/aurich/www/library/php-activerecord/test/helpers/AdapterTest.php" line="47" class="AdapterTest" classname="AdapterTest" assertions="0" time="0.000000">
          <skipped/>
        </testcase>
        <testcase name="test_connection_failed_invalid_host" file="/home/aurich/www/library/php-activerecord/test/helpers/AdapterTest.php" line="56" class="AdapterTest" classname="AdapterTest" assertions="0" time="0.000000">
          <skipped/>
        </testcase>
        <testcase name="test_connection_failed" file="/home/aurich/www/library/php-activerecord/test/helpers/AdapterTest.php" line="65" class="AdapterTest" classname="AdapterTest" assertions="0" time="0.000000">
          <skipped/>
        </testcase>
        <testcase name="test_connect_failed" file="/home/aurich/www/library/php-activerecord/test/helpers/AdapterTest.php" line="71" class="AdapterTest" classname="AdapterTest" assertions="0" time="0.000000">
          <skipped/>
        </testcase>
        <testcase name="test_connect_with_port" file="/home/aurich/www/library/php-activerecord/test/helpers/AdapterTest.php" line="77" class="AdapterTest" classname="AdapterTest" assertions="0" time="0.000000">
          <skipped/>
        </testcase>
        <testcase name="test_connect_to_invalid_database" file="/home/aurich/www/library/php-activerecord/test/helpers/AdapterTest.php" line="95" class="AdapterTest" classname="AdapterTest" assertions="0" time="0.000000">
          <skipped/>
        </testcase>
        <testcase name="test_date_time_type" file="/home/aurich/www/library/php-activerecord/test/helpers/AdapterTest.php" line="101" class="AdapterTest" classname="AdapterTest" assertions="0" time="0.000000">
          <skipped/>
        </testcase>
        <testcase name="test_date" file="/home/aurich/www/library/php-activerecord/test/helpers/AdapterTest.php" line="109" class="AdapterTest" classname="AdapterTest" assertions="0" time="0.000000">
          <skipped/>
        </testcase>
        <testcase name="test_columns_no_inflection_on_hash_key" file="/home/aurich/www/library/php-activerecord/test/helpers/AdapterTest.php" line="117" class="AdapterTest" classname="AdapterTest" assertions="0" time="0.000000">
          <skipped/>
        </testcase>
        <testcase name="test_columns_nullable" file="/home/aurich/www/library/php-activerecord/test/helpers/AdapterTest.php" line="123" class="AdapterTest" classname="AdapterTest" assertions="0" time="0.000000">
          <skipped/>
        </testcase>
        <testcase name="test_columns_pk" file="/home/aurich/www/library/php-activerecord/test/helpers/AdapterTest.php" line="130" class="AdapterTest" classname="AdapterTest" assertions="0" time="0.000000">
          <skipped/>
        </testcase>
        <testcase name="test_columns_sequence" file="/home/aurich/www/library/php-activerecord/test/helpers/AdapterTest.php" line="140" class="AdapterTest" classname="AdapterTest" assertions="0" time="0.000000">
          <skipped/>
        </testcase>
        <testcase name="test_columns_default" file="/home/aurich/www/library/php-activerecord/test/helpers/AdapterTest.php" line="149" class="AdapterTest" classname="AdapterTest" assertions="0" time="0.000000">
          <skipped/>
        </testcase>
        <testcase name="test_columns_type" file="/home/aurich/www/library/php-activerecord/test/helpers/AdapterTest.php" line="155" class="AdapterTest" classname="AdapterTest" assertions="0" time="0.000000">
          <skipped/>
        </testcase>
        <testcase name="test_columns_text" file="/home/aurich/www/library/php-activerecord/test/helpers/AdapterTest.php" line="163" class="AdapterTest" classname="AdapterTest" assertions="0" time="0.000000">
          <skipped/>
        </testcase>
        <testcase name="test_columns_time" file="/home/aurich/www/library/php-activerecord/test/helpers/AdapterTest.php" line="170" class="AdapterTest" classname="AdapterTest" assertions="0" time="0.000000">
          <skipped/>
        </testcase>
        <testcase name="test_query" file="/home/aurich/www/library/php-activerecord/test/helpers/AdapterTest.php" line="177" class="AdapterTest" classname="AdapterTest" assertions="0" time="0.000000">
          <skipped/>
        </testcase>
        <testcase name="test_invalid_query" file="/home/aurich/www/library/php-activerecord/test/helpers/AdapterTest.php" line="189" class="AdapterTest" classname="AdapterTest" assertions="0" time="0.000000">
          <skipped/>
        </testcase>
        <testcase name="test_fetch" file="/home/aurich/www/library/php-activerecord/test/helpers/AdapterTest.php" line="195" class="AdapterTest" classname="AdapterTest" assertions="0" time="0.000000">
          <skipped/>
        </testcase>
        <testcase name="test_query_with_params" file="/home/aurich/www/library/php-activerecord/test/helpers/AdapterTest.php" line="211" class="AdapterTest" classname="AdapterTest" assertions="0" time="0.000000">
          <skipped/>
        </testcase>
        <testcase name="test_insert_id_should_return_explicitly_inserted_id" file="/home/aurich/www/library/php-activerecord/test/helpers/AdapterTest.php" line="225" class="AdapterTest" classname="AdapterTest" assertions="0" time="0.000000">
          <skipped/>
        </testcase>
        <testcase name="test_insert_id" file="/home/aurich/www/library/php-activerecord/test/helpers/AdapterTest.php" line="231" class="AdapterTest" classname="AdapterTest" assertions="0" time="0.000000">
          <skipped/>
        </testcase>
        <testcase name="test_insert_id_with_params" file="/home/aurich/www/library/php-activerecord/test/helpers/AdapterTest.php" line="237" class="AdapterTest" classname="AdapterTest" assertions="0" time="0.000000">
          <skipped/>
        </testcase>
        <testcase name="test_inflection" file="/home/aurich/www/library/php-activerecord/test/helpers/AdapterTest.php" line="244" class="AdapterTest" classname="AdapterTest" assertions="0" time="0.000000">
          <skipped/>
        </testcase>
        <testcase name="test_escape" file="/home/aurich/www/library/php-activerecord/test/helpers/AdapterTest.php" line="250" class="AdapterTest" classname="AdapterTest" assertions="0" time="0.000000">
          <skipped/>
        </testcase>
        <testcase name="test_columnsx" file="/home/aurich/www/library/php-activerecord/test/helpers/AdapterTest.php" line="256" class="AdapterTest" classname="AdapterTest" assertions="0" time="0.000000">
          <skipped/>
        </testcase>
        <testcase name="test_columns_decimal" file="/home/aurich/www/library/php-activerecord/test/helpers/AdapterTest.php" line="281" class="AdapterTest" classname="AdapterTest" assertions="0" time="0.000000">
          <skipped/>
        </testcase>
        <testcase name="test_limit" file="/home/aurich/www/library/php-activerecord/test/helpers/AdapterTest.php" line="296" class="AdapterTest" classname="AdapterTest" assertions="0" time="0.000000">
          <skipped/>
        </testcase>
        <testcase name="test_limit_to_first_record" file="/home/aurich/www/library/php-activerecord/test/helpers/AdapterTest.php" line="301" class="AdapterTest" classname="AdapterTest" assertions="0" time="0.000000">
          <skipped/>
        </testcase>
        <testcase name="test_limit_to_last_record" file="/home/aurich/www/library/php-activerecord/test/helpers/AdapterTest.php" line="306" class="AdapterTest" classname="AdapterTest" assertions="0" time="0.000000">
          <skipped/>
        </testcase>
        <testcase name="test_limit_with_null_offset" file="/home/aurich/www/library/php-activerecord/test/helpers/AdapterTest.php" line="311" class="AdapterTest" classname="AdapterTest" assertions="0" time="0.000000">
          <skipped/>
        </testcase>
        <testcase name="test_limit_with_nulls" file="/home/aurich/www/library/php-activerecord/test/helpers/AdapterTest.php" line="316" class="AdapterTest" classname="AdapterTest" assertions="0" time="0.000000">
          <skipped/>
        </testcase>
        <testcase name="test_fetch_no_results" file="/home/aurich/www/library/php-activerecord/test/helpers/AdapterTest.php" line="321" class="AdapterTest" classname="AdapterTest" assertions="0" time="0.000000">
          <skipped/>
        </testcase>
        <testcase name="test_tables" file="/home/aurich/www/library/php-activerecord/test/helpers/AdapterTest.php" line="327" class="AdapterTest" classname="AdapterTest" assertions="0" time="0.000000">
          <skipped/>
        </testcase>
        <testcase name="test_query_table_info_must_return_one_field" file="/home/aurich/www/library/php-activerecord/test/helpers/AdapterTest.php" line="342" class="AdapterTest" classname="AdapterTest" assertions="0" time="0.000000">
          <skipped/>
        </testcase>
        <testcase name="test_transaction_commit" file="/home/aurich/www/library/php-activerecord/test/helpers/AdapterTest.php" line="348" class="AdapterTest" classname="AdapterTest" assertions="0" time="0.000000">
          <skipped/>
        </testcase>
        <testcase name="test_transaction_rollback" file="/home/aurich/www/library/php-activerecord/test/helpers/AdapterTest.php" line="359" class="AdapterTest" classname="AdapterTest" assertions="0" time="0.000000">
          <skipped/>
        </testcase>
        <testcase name="test_show_me_a_useful_pdo_exception_message" file="/home/aurich/www/library/php-activerecord/test/helpers/AdapterTest.php" line="370" class="AdapterTest" classname="AdapterTest" assertions="0" time="0.000000">
          <skipped/>
        </testcase>
        <testcase name="test_quote_name_does_not_over_quote" file="/home/aurich/www/library/php-activerecord/test/helpers/AdapterTest.php" line="380" class="AdapterTest" classname="AdapterTest" assertions="0" time="0.000000">
          <skipped/>
        </testcase>
        <testcase name="test_datetime_to_string" file="/home/aurich/www/library/php-activerecord/test/helpers/AdapterTest.php" line="391" class="AdapterTest" classname="AdapterTest" assertions="0" time="0.000000">
          <skipped/>
        </testcase>
        <testcase name="test_date_to_string" file="/home/aurich/www/library/php-activerecord/test/helpers/AdapterTest.php" line="397" class="AdapterTest" classname="AdapterTest" assertions="0" time="0.000000">
          <skipped/>
        </testcase>
      </testsuite>
    </testsuite>
  </testsuite>
</testsuites>
